<?xml version="1.0" encoding="UTF-8"?>
<!-- Generated by org.testng.reporters.JUnitReportReporter -->
<testsuite skipped="1" hostname="DESKTOP-OKKEN75" name="TestCases.TestngTestRunner" tests="1" failures="0" timestamp="03 Feb 2018 16:13:04 GMT" time="37.781" errors="0">
  <testcase name="run_cukes" time="37.781" classname="TestCases.TestngTestRunner">
    <skipped/>
  </testcase> <!-- run_cukes -->
</testsuite> <!-- TestCases.TestngTestRunner -->
