<?xml version="1.0" encoding="UTF-8"?>
<!-- Generated by org.testng.reporters.JUnitReportReporter -->
<testsuite skipped="0" hostname="DESKTOP-OKKEN75" name="TestCases.NewTest" tests="1" failures="0" timestamp="03 Feb 2018 07:43:26 GMT" time="0.024" errors="0">
  <testcase name="f" time="0.024" classname="TestCases.NewTest"/>
</testsuite> <!-- TestCases.NewTest -->
