<?xml version="1.0" encoding="UTF-8"?>
<!-- Generated by org.testng.reporters.JUnitReportReporter -->
<testsuite skipped="1" hostname="DESKTOP-OKKEN75" name="StepDefinations.TestngTestRunner" tests="1" failures="0" timestamp="05 Feb 2018 16:20:21 GMT" time="50.462" errors="0">
  <testcase name="run_cukes" time="50.462" classname="StepDefinations.TestngTestRunner">
    <skipped/>
  </testcase> <!-- run_cukes -->
</testsuite> <!-- StepDefinations.TestngTestRunner -->
