<?xml version="1.0" encoding="UTF-8"?>
<!-- Generated by org.testng.reporters.JUnitReportReporter -->
<testsuite hostname="DESKTOP-OKKEN75" name="TestCases.TestngTestRunner" tests="1" failures="0" timestamp="3 Feb 2018 10:35:57 GMT" time="31.041" errors="0">
  <testcase name="run_cukes" time="31.041" classname="TestCases.TestngTestRunner"/>
</testsuite> <!-- TestCases.TestngTestRunner -->
